<?xml version="1.0" encoding="UTF-8"?>
<testsuite xmlns:xsi="http://www.w3.org/2001/XMLSchema-instance" xsi:schemaLocation="https://maven.apache.org/surefire/maven-surefire-plugin/xsd/surefire-test-report.xsd" name="TestRunners.InicioTest" time="0.356" tests="1" errors="1" skipped="0" failures="0">
  <properties>
[...]
</properties>
  <testcase name="initializationError" classname="TestRunners.InicioTest" time="0.013">
    <error message="path must exist: C:\Users\Qintess.CENW10N08721\eclipse-workspace\testeS\src\test\resources\Features" type="java.lang.IllegalArgumentException">java.lang.IllegalArgumentException: path must exist: C:\Users\Qintess.CENW10N08721\eclipse-workspace\testeS\src\test\resources\Features
</error>
  </testcase>
</testsuite>